This is pdfTeX, Version 3.1415926-1.40.10 (TeX Live 2009/Debian) (format=pdflatex 2013.11.20)  19 JAN 2014 22:13
entering extended mode
 %&-line parsing enabled.
**ProjetoFinal2.tex
(./ProjetoFinal2.tex
LaTeX2e <2009/09/24>
Babel <v3.8l> and hyphenation patterns for english, usenglishmax, dumylang, noh
yphenation, loaded.
(./ThesisPUC.cls
Document Class: ThesisPUC 2005/06/10 v3.0 PUC thesis class (portuguese)
(/usr/share/texmf-texlive/tex/latex/base/ifthen.sty
Package: ifthen 2001/05/26 v1.1c Standard LaTeX ifthen package (DPC)
)
(/usr/share/texmf-texlive/tex/generic/babel/babel.sty
Package: babel 2008/07/06 v3.8l The Babel package

(/usr/share/texmf-texlive/tex/generic/babel/portuges.ldf
Language: portuges 2008/03/18 v1.2q Portuguese support from the babel system

(/usr/share/texmf-texlive/tex/generic/babel/babel.def
File: babel.def 2008/07/06 v3.8l Babel common definitions
\babel@savecnt=\count79
\U@D=\dimen102
)

Package babel Warning: No hyphenation patterns were loaded for
(babel)                the language `Portuguese'
(babel)                I will use the patterns loaded for \language=0 instead.

\l@portuges = a dialect from \language0
\l@brazil = a dialect from \language\l@portuges 
Package babel Info: Making " an active character on input line 145.
) (/usr/share/texmf-texlive/tex/generic/babel/english.ldf
Language: english 2005/03/30 v3.3o English support from the babel system
\l@british = a dialect from \language\l@english 
\l@UKenglish = a dialect from \language\l@english 
\l@canadian = a dialect from \language\l@american 
\l@australian = a dialect from \language\l@british 
\l@newzealand = a dialect from \language\l@british 
))
(/usr/share/texmf-texlive/tex/latex/base/report.cls
Document Class: report 2007/10/19 v1.4h Standard LaTeX document class
(/usr/share/texmf-texlive/tex/latex/base/size12.clo
File: size12.clo 2007/10/19 v1.4h Standard LaTeX file (size option)
)
\c@part=\count80
\c@chapter=\count81
\c@section=\count82
\c@subsection=\count83
\c@subsubsection=\count84
\c@paragraph=\count85
\c@subparagraph=\count86
\c@figure=\count87
\c@table=\count88
\abovecaptionskip=\skip41
\belowcaptionskip=\skip42
\bibindent=\dimen103
)
(/usr/share/texmf-texlive/tex/latex/amsfonts/amsfonts.sty
Package: amsfonts 2009/06/22 v3.00 Basic AMSFonts support
\@emptytoks=\toks14
\symAMSa=\mathgroup4
\symAMSb=\mathgroup5
LaTeX Font Info:    Overwriting math alphabet `\mathfrak' in version `bold'
(Font)                  U/euf/m/n --> U/euf/b/n on input line 96.
) (./inputenc.sty
Package: inputenc 2001/07/10 v0.99a Input encoding file 

(/usr/share/texmf-texlive/tex/latex/base/utf8.def
File: utf8.def 2008/04/05 v1.1m UTF-8 support for inputenc
Now handling font encoding OML ...
... no UTF-8 mapping file for font encoding OML
Now handling font encoding T1 ...
... processing UTF-8 mapping file for font encoding T1

(/usr/share/texmf-texlive/tex/latex/base/t1enc.dfu
File: t1enc.dfu 2008/04/05 v1.1m UTF-8 support for inputenc
   defining Unicode char U+00A1 (decimal 161)
   defining Unicode char U+00A3 (decimal 163)
   defining Unicode char U+00AB (decimal 171)
   defining Unicode char U+00BB (decimal 187)
   defining Unicode char U+00BF (decimal 191)
   defining Unicode char U+00C0 (decimal 192)
   defining Unicode char U+00C1 (decimal 193)
   defining Unicode char U+00C2 (decimal 194)
   defining Unicode char U+00C3 (decimal 195)
   defining Unicode char U+00C4 (decimal 196)
   defining Unicode char U+00C5 (decimal 197)
   defining Unicode char U+00C6 (decimal 198)
   defining Unicode char U+00C7 (decimal 199)
   defining Unicode char U+00C8 (decimal 200)
   defining Unicode char U+00C9 (decimal 201)
   defining Unicode char U+00CA (decimal 202)
   defining Unicode char U+00CB (decimal 203)
   defining Unicode char U+00CC (decimal 204)
   defining Unicode char U+00CD (decimal 205)
   defining Unicode char U+00CE (decimal 206)
   defining Unicode char U+00CF (decimal 207)
   defining Unicode char U+00D0 (decimal 208)
   defining Unicode char U+00D1 (decimal 209)
   defining Unicode char U+00D2 (decimal 210)
   defining Unicode char U+00D3 (decimal 211)
   defining Unicode char U+00D4 (decimal 212)
   defining Unicode char U+00D5 (decimal 213)
   defining Unicode char U+00D6 (decimal 214)
   defining Unicode char U+00D8 (decimal 216)
   defining Unicode char U+00D9 (decimal 217)
   defining Unicode char U+00DA (decimal 218)
   defining Unicode char U+00DB (decimal 219)
   defining Unicode char U+00DC (decimal 220)
   defining Unicode char U+00DD (decimal 221)
   defining Unicode char U+00DE (decimal 222)
   defining Unicode char U+00DF (decimal 223)
   defining Unicode char U+00E0 (decimal 224)
   defining Unicode char U+00E1 (decimal 225)
   defining Unicode char U+00E2 (decimal 226)
   defining Unicode char U+00E3 (decimal 227)
   defining Unicode char U+00E4 (decimal 228)
   defining Unicode char U+00E5 (decimal 229)
   defining Unicode char U+00E6 (decimal 230)
   defining Unicode char U+00E7 (decimal 231)
   defining Unicode char U+00E8 (decimal 232)
   defining Unicode char U+00E9 (decimal 233)
   defining Unicode char U+00EA (decimal 234)
   defining Unicode char U+00EB (decimal 235)
   defining Unicode char U+00EC (decimal 236)
   defining Unicode char U+00ED (decimal 237)
   defining Unicode char U+00EE (decimal 238)
   defining Unicode char U+00EF (decimal 239)
   defining Unicode char U+00F0 (decimal 240)
   defining Unicode char U+00F1 (decimal 241)
   defining Unicode char U+00F2 (decimal 242)
   defining Unicode char U+00F3 (decimal 243)
   defining Unicode char U+00F4 (decimal 244)
   defining Unicode char U+00F5 (decimal 245)
   defining Unicode char U+00F6 (decimal 246)
   defining Unicode char U+00F8 (decimal 248)
   defining Unicode char U+00F9 (decimal 249)
   defining Unicode char U+00FA (decimal 250)
   defining Unicode char U+00FB (decimal 251)
   defining Unicode char U+00FC (decimal 252)
   defining Unicode char U+00FD (decimal 253)
   defining Unicode char U+00FE (decimal 254)
   defining Unicode char U+00FF (decimal 255)
   defining Unicode char U+0102 (decimal 258)
   defining Unicode char U+0103 (decimal 259)
   defining Unicode char U+0104 (decimal 260)
   defining Unicode char U+0105 (decimal 261)
   defining Unicode char U+0106 (decimal 262)
   defining Unicode char U+0107 (decimal 263)
   defining Unicode char U+010C (decimal 268)
   defining Unicode char U+010D (decimal 269)
   defining Unicode char U+010E (decimal 270)
   defining Unicode char U+010F (decimal 271)
   defining Unicode char U+0110 (decimal 272)
   defining Unicode char U+0111 (decimal 273)
   defining Unicode char U+0118 (decimal 280)
   defining Unicode char U+0119 (decimal 281)
   defining Unicode char U+011A (decimal 282)
   defining Unicode char U+011B (decimal 283)
   defining Unicode char U+011E (decimal 286)
   defining Unicode char U+011F (decimal 287)
   defining Unicode char U+0130 (decimal 304)
   defining Unicode char U+0131 (decimal 305)
   defining Unicode char U+0132 (decimal 306)
   defining Unicode char U+0133 (decimal 307)
   defining Unicode char U+0139 (decimal 313)
   defining Unicode char U+013A (decimal 314)
   defining Unicode char U+013D (decimal 317)
   defining Unicode char U+013E (decimal 318)
   defining Unicode char U+0141 (decimal 321)
   defining Unicode char U+0142 (decimal 322)
   defining Unicode char U+0143 (decimal 323)
   defining Unicode char U+0144 (decimal 324)
   defining Unicode char U+0147 (decimal 327)
   defining Unicode char U+0148 (decimal 328)
   defining Unicode char U+014A (decimal 330)
   defining Unicode char U+014B (decimal 331)
   defining Unicode char U+0150 (decimal 336)
   defining Unicode char U+0151 (decimal 337)
   defining Unicode char U+0152 (decimal 338)
   defining Unicode char U+0153 (decimal 339)
   defining Unicode char U+0154 (decimal 340)
   defining Unicode char U+0155 (decimal 341)
   defining Unicode char U+0158 (decimal 344)
   defining Unicode char U+0159 (decimal 345)
   defining Unicode char U+015A (decimal 346)
   defining Unicode char U+015B (decimal 347)
   defining Unicode char U+015E (decimal 350)
   defining Unicode char U+015F (decimal 351)
   defining Unicode char U+0160 (decimal 352)
   defining Unicode char U+0161 (decimal 353)
   defining Unicode char U+0162 (decimal 354)
   defining Unicode char U+0163 (decimal 355)
   defining Unicode char U+0164 (decimal 356)
   defining Unicode char U+0165 (decimal 357)
   defining Unicode char U+016E (decimal 366)
   defining Unicode char U+016F (decimal 367)
   defining Unicode char U+0170 (decimal 368)
   defining Unicode char U+0171 (decimal 369)
   defining Unicode char U+0178 (decimal 376)
   defining Unicode char U+0179 (decimal 377)
   defining Unicode char U+017A (decimal 378)
   defining Unicode char U+017B (decimal 379)
   defining Unicode char U+017C (decimal 380)
   defining Unicode char U+017D (decimal 381)
   defining Unicode char U+017E (decimal 382)
   defining Unicode char U+200C (decimal 8204)
   defining Unicode char U+2013 (decimal 8211)
   defining Unicode char U+2014 (decimal 8212)
   defining Unicode char U+2018 (decimal 8216)
   defining Unicode char U+2019 (decimal 8217)
   defining Unicode char U+201A (decimal 8218)
   defining Unicode char U+201C (decimal 8220)
   defining Unicode char U+201D (decimal 8221)
   defining Unicode char U+201E (decimal 8222)
   defining Unicode char U+2030 (decimal 8240)
   defining Unicode char U+2031 (decimal 8241)
   defining Unicode char U+2039 (decimal 8249)
   defining Unicode char U+203A (decimal 8250)
   defining Unicode char U+2423 (decimal 9251)
)
Now handling font encoding OT1 ...
... processing UTF-8 mapping file for font encoding OT1

(/usr/share/texmf-texlive/tex/latex/base/ot1enc.dfu
File: ot1enc.dfu 2008/04/05 v1.1m UTF-8 support for inputenc
   defining Unicode char U+00A1 (decimal 161)
   defining Unicode char U+00A3 (decimal 163)
   defining Unicode char U+00B8 (decimal 184)
   defining Unicode char U+00BF (decimal 191)
   defining Unicode char U+00C5 (decimal 197)
   defining Unicode char U+00C6 (decimal 198)
   defining Unicode char U+00D8 (decimal 216)
   defining Unicode char U+00DF (decimal 223)
   defining Unicode char U+00E6 (decimal 230)
   defining Unicode char U+00EC (decimal 236)
   defining Unicode char U+00ED (decimal 237)
   defining Unicode char U+00EE (decimal 238)
   defining Unicode char U+00EF (decimal 239)
   defining Unicode char U+00F8 (decimal 248)
   defining Unicode char U+0131 (decimal 305)
   defining Unicode char U+0141 (decimal 321)
   defining Unicode char U+0142 (decimal 322)
   defining Unicode char U+0152 (decimal 338)
   defining Unicode char U+0153 (decimal 339)
   defining Unicode char U+2013 (decimal 8211)
   defining Unicode char U+2014 (decimal 8212)
   defining Unicode char U+2018 (decimal 8216)
   defining Unicode char U+2019 (decimal 8217)
   defining Unicode char U+201C (decimal 8220)
   defining Unicode char U+201D (decimal 8221)
)
Now handling font encoding OMS ...
... processing UTF-8 mapping file for font encoding OMS

(/usr/share/texmf-texlive/tex/latex/base/omsenc.dfu
File: omsenc.dfu 2008/04/05 v1.1m UTF-8 support for inputenc
   defining Unicode char U+00A7 (decimal 167)
   defining Unicode char U+00B6 (decimal 182)
   defining Unicode char U+00B7 (decimal 183)
   defining Unicode char U+2020 (decimal 8224)
   defining Unicode char U+2021 (decimal 8225)
   defining Unicode char U+2022 (decimal 8226)
)
Now handling font encoding OMX ...
... no UTF-8 mapping file for font encoding OMX
Now handling font encoding U ...
... no UTF-8 mapping file for font encoding U
   defining Unicode char U+00A9 (decimal 169)
   defining Unicode char U+00AA (decimal 170)
   defining Unicode char U+00AE (decimal 174)
   defining Unicode char U+00BA (decimal 186)
   defining Unicode char U+02C6 (decimal 710)
   defining Unicode char U+02DC (decimal 732)
   defining Unicode char U+200C (decimal 8204)
   defining Unicode char U+2026 (decimal 8230)
   defining Unicode char U+2122 (decimal 8482)
   defining Unicode char U+2423 (decimal 9251)
))
(/usr/share/texmf-texlive/tex/latex/graphics/graphicx.sty
Package: graphicx 1999/02/16 v1.0f Enhanced LaTeX Graphics (DPC,SPQR)
 (./keyval.sty
Package: keyval 1999/03/16 v1.13 key=value parser (DPC)
\KV@toks@=\toks15
)
(/usr/share/texmf-texlive/tex/latex/graphics/graphics.sty
Package: graphics 2009/02/05 v1.0o Standard LaTeX Graphics (DPC,SPQR)

(/usr/share/texmf-texlive/tex/latex/graphics/trig.sty
Package: trig 1999/03/16 v1.09 sin cos tan (DPC)
)
(/etc/texmf/tex/latex/config/graphics.cfg
File: graphics.cfg 2009/08/28 v1.8 graphics configuration of TeX Live
)
Package graphics Info: Driver file: pdftex.def on input line 91.

(/usr/share/texmf-texlive/tex/latex/pdftex-def/pdftex.def
File: pdftex.def 2010/03/12 v0.04p Graphics/color for pdfTeX
\Gread@gobject=\count89
))
\Gin@req@height=\dimen104
\Gin@req@width=\dimen105
)
(/usr/share/texmf-texlive/tex/latex/oberdiek/epstopdf.sty
Package: epstopdf 2009/10/17 v2.4 Conversion with epstopdf on the fly (HO)

(/usr/share/texmf-texlive/tex/latex/oberdiek/epstopdf-base.sty
Package: epstopdf-base 2009/10/17 v2.4 Base part for package epstopdf

(/usr/share/texmf-texlive/tex/generic/oberdiek/infwarerr.sty
Package: infwarerr 2007/09/09 v1.2 Providing info/warning/message (HO)
)
(/usr/share/texmf-texlive/tex/latex/oberdiek/grfext.sty
Package: grfext 2007/09/30 v1.0 Managing graphics extensions (HO)
)
(/usr/share/texmf-texlive/tex/latex/oberdiek/kvoptions.sty
Package: kvoptions 2009/08/13 v3.4 Keyval support for LaTeX options (HO)

(/usr/share/texmf-texlive/tex/generic/oberdiek/kvsetkeys.sty
Package: kvsetkeys 2009/07/30 v1.5 Key value parser with default handler suppor
t (HO)

(/usr/share/texmf-texlive/tex/generic/oberdiek/etexcmds.sty
Package: etexcmds 2007/12/12 v1.2 Prefix for e-TeX command names (HO)
Package etexcmds Info: Could not find \expanded.
(etexcmds)             That can mean that you are not using pdfTeX 1.50 or
(etexcmds)             that some package has redefined \expanded.
(etexcmds)             In the latter case, load this package earlier.
)))
(/usr/share/texmf-texlive/tex/generic/oberdiek/pdftexcmds.sty
Package: pdftexcmds 2009/09/23 v0.6 LuaTeX support for pdfTeX utility functions
 (HO)

(/usr/share/texmf-texlive/tex/generic/oberdiek/ifluatex.sty
Package: ifluatex 2009/04/17 v1.2 Provides the ifluatex switch (HO)
Package ifluatex Info: LuaTeX not detected.
)
(/usr/share/texmf-texlive/tex/generic/oberdiek/ltxcmds.sty
Package: ltxcmds 2009/08/05 v1.0 Some LaTeX kernel commands for general use (HO
)
)
Package pdftexcmds Info: LuaTeX not detected.
Package pdftexcmds Info: \pdf@primitive is available.
Package pdftexcmds Info: \pdf@ifprimitive is available.
)

Package epstopdf Warning: Shell escape feature is not enabled.

Package grfext Info: Graphics extension search list:
(grfext)             [.png,.pdf,.jpg,.mps,.jpeg,.jbig2,.jb2,.PNG,.PDF,.JPG,.JPE
G,.JBIG2,.JB2,.eps]
(grfext)             \AppendGraphicsExtensions on input line 433.
(/usr/share/texmf-texlive/tex/latex/latexconfig/epstopdf-sys.cfg
File: epstopdf-sys.cfg 2009/10/26 v1.1 Configuration of epstopdf for TeX Live
)))
(./subfigure.sty
Package: subfigure 2002/04/17 v2.1.3 subfigure package
\subfigtopskip=\skip43
\subfigcapskip=\skip44
\subfigcaptopadj=\dimen106
\subfigbottomskip=\skip45
\subfigcapmargin=\dimen107
\subfiglabelskip=\skip46
\c@subfigure=\count90
\c@lofdepth=\count91
\c@subtable=\count92
\c@lotdepth=\count93
\subfig@top=\skip47
\subfig@bottom=\skip48
) (./titlesec.sty
Package: titlesec 2002/04/07 v2.5 Sectioning titles
\ttl@box=\box26
\beforetitleunit=\skip49
\aftertitleunit=\skip50
\ttl@plus=\dimen108
\ttl@minus=\dimen109
\titlewidth=\dimen110
\titlewidthlast=\dimen111
\titlewidthfirst=\dimen112
) (./tocloft.sty
Package: tocloft 2002/06/15 v2.3 parameterised ToC, etc., typesetting


Package tocloft Note: The document has chapter divisions.

\cftparskip=\skip51
\cftbeforetoctitleskip=\skip52
\cftaftertoctitleskip=\skip53
\cftbeforepartskip=\skip54
\cftpartnumwidth=\skip55
\cftpartindent=\skip56
\cftbeforechapskip=\skip57
\cftchapindent=\skip58
\cftchapnumwidth=\skip59
\cftbeforesecskip=\skip60
\cftsecindent=\skip61
\cftsecnumwidth=\skip62
\cftbeforesubsecskip=\skip63
\cftsubsecindent=\skip64
\cftsubsecnumwidth=\skip65
\cftbeforesubsubsecskip=\skip66
\cftsubsubsecindent=\skip67
\cftsubsubsecnumwidth=\skip68
\cftbeforeparaskip=\skip69
\cftparaindent=\skip70
\cftparanumwidth=\skip71
\cftbeforesubparaskip=\skip72
\cftsubparaindent=\skip73
\cftsubparanumwidth=\skip74
\cftbeforeloftitleskip=\skip75
\cftafterloftitleskip=\skip76
\cftbeforefigskip=\skip77
\cftfigindent=\skip78
\cftfignumwidth=\skip79
\cftbeforelottitleskip=\skip80
\cftafterlottitleskip=\skip81
\cftbeforetabskip=\skip82
\cfttabindent=\skip83
\cfttabnumwidth=\skip84
\cftbeforesubfigskip=\skip85
\cftsubfigindent=\skip86
\cftsubfignumwidth=\skip87
\cftbeforesubtabskip=\skip88
\cftsubtabindent=\skip89
\cftsubtabnumwidth=\skip90
) (./chngpage.sty
Package: chngpage 2003/08/10 v1.2 change page layout
\c@cp@cnt=\count94
\c@cp@tempcnt=\count95
) (./setspace.sty
Package: setspace 2000/12/01 6.7 Contributed and Supported LaTeX2e package

Package: `setspace' 6.7 <2000/12/01>
) (./fancyhdr.sty
\headwidth=\dimen113
) (./atbeginend.sty) (./indentfirst.sty
Package: indentfirst 1995/11/23 v1.03 Indent first paragraph (DPC)
)
(/usr/share/texmf-texlive/tex/latex/hyperref/hyperref.sty
Package: hyperref 2009/10/09 v6.79a Hypertext links for LaTeX

(/usr/share/texmf-texlive/tex/generic/oberdiek/ifpdf.sty
Package: ifpdf 2009/04/10 v2.0 Provides the ifpdf switch (HO)
Package ifpdf Info: pdfTeX in pdf mode detected.
)
(/usr/share/texmf-texlive/tex/generic/oberdiek/ifvtex.sty
Package: ifvtex 2008/11/04 v1.4 Switches for detecting VTeX and its modes (HO)
Package ifvtex Info: VTeX not detected.
)
(/usr/share/texmf-texlive/tex/generic/ifxetex/ifxetex.sty
Package: ifxetex 2009/01/23 v0.5 Provides ifxetex conditional
)
(/usr/share/texmf-texlive/tex/latex/oberdiek/hycolor.sty
Package: hycolor 2009/10/02 v1.5 Code for color options of hyperref/bookmark (H
O)

(/usr/share/texmf-texlive/tex/latex/oberdiek/xcolor-patch.sty
Package: xcolor-patch 2009/10/02 xcolor patch
))
\@linkdim=\dimen114
\Hy@linkcounter=\count96
\Hy@pagecounter=\count97

(/usr/share/texmf-texlive/tex/latex/hyperref/pd1enc.def
File: pd1enc.def 2009/10/09 v6.79a Hyperref: PDFDocEncoding definition (HO)
Now handling font encoding PD1 ...
... no UTF-8 mapping file for font encoding PD1
)
(/usr/share/texmf-texlive/tex/latex/latexconfig/hyperref.cfg
File: hyperref.cfg 2002/06/06 v1.2 hyperref configuration of TeXLive
)
Package hyperref Info: Option `colorlinks' set `false' on input line 2864.
Package hyperref Info: Option `bookmarksopen' set `true' on input line 2864.
Package hyperref Info: Option `breaklinks' set `true' on input line 2864.
Package hyperref Info: Hyper figures OFF on input line 2975.
Package hyperref Info: Link nesting OFF on input line 2980.
Package hyperref Info: Hyper index ON on input line 2983.
Package hyperref Info: Plain pages OFF on input line 2990.
Package hyperref Info: Backreferencing ON on input line 2993.

Implicit mode ON; LaTeX internals redefined
Package hyperref Info: Bookmarks ON on input line 3191.
(/usr/share/texmf-texlive/tex/latex/hyperref/backref.sty
Package: backref 2006/09/05 v1.28 Bibliographical back referencing
)
(/usr/share/texmf-texlive/tex/latex/ltxmisc/url.sty
\Urlmuskip=\muskip10
Package: url 2006/04/12  ver 3.3  Verb mode for urls, etc.
)
LaTeX Info: Redefining \url on input line 3428.

(/usr/share/texmf-texlive/tex/generic/oberdiek/bitset.sty
Package: bitset 2007/09/28 v1.0 Data type bit set (HO)

(/usr/share/texmf-texlive/tex/generic/oberdiek/intcalc.sty
Package: intcalc 2007/09/27 v1.1 Expandable integer calculations (HO)
)
(/usr/share/texmf-texlive/tex/generic/oberdiek/bigintcalc.sty
Package: bigintcalc 2007/11/11 v1.1 Expandable big integer calculations (HO)
))
\Fld@menulength=\count98
\Field@Width=\dimen115
\Fld@charsize=\dimen116
\Field@toks=\toks16
Package hyperref Info: Hyper figures OFF on input line 4377.
Package hyperref Info: Link nesting OFF on input line 4382.
Package hyperref Info: Hyper index ON on input line 4385.
Package hyperref Info: backreferencing ON on input line 4390.
Package hyperref Info: Link coloring OFF on input line 4397.
Package hyperref Info: Link coloring with OCG OFF on input line 4402.
Package hyperref Info: PDF/A mode OFF on input line 4407.

(/usr/share/texmf-texlive/tex/generic/oberdiek/atbegshi.sty
Package: atbegshi 2008/07/31 v1.9 At begin shipout hook (HO)
)
\Hy@abspage=\count99
\c@Item=\count100
\c@Hfootnote=\count101
)
*hyperref using driver hpdftex*
(/usr/share/texmf-texlive/tex/latex/hyperref/hpdftex.def
File: hpdftex.def 2009/10/09 v6.79a Hyperref driver for pdfTeX
\Fld@listcount=\count102
)
\puc@topmargin@text=\skip91
\puc@bottommargin@text=\skip92
\puc@leftmargin@text=\skip93
\puc@rightmargin@text=\skip94
\puc@textwidth@text=\skip95
\puc@oddsidemargin@text=\skip96
\puc@evensidemargin@text=\skip97
\puc@textheight@text=\skip98
\puc@headsep@text=\skip99
\puc@topmargin@cover=\skip100
\puc@bottommargin@cover=\skip101
\puc@leftmargin@cover=\skip102
\puc@rightmargin@cover=\skip103
\puc@textwidth@cover=\skip104
\puc@oddsidemargin@cover=\skip105
\puc@evensidemargin@cover=\skip106
\puc@textheight@cover=\skip107
\puc@headsep@cover=\skip108
\puc@topmargin@front=\skip109
\puc@bottommargin@front=\skip110
\puc@leftmargin@front=\skip111
\puc@rightmargin@front=\skip112
\puc@textwidth@front=\skip113
\puc@oddsidemargin@front=\skip114
\puc@evensidemargin@front=\skip115
\puc@textheight@front=\skip116
\puc@headsep@front=\skip117
\puc@topmargin@dedication=\skip118
\puc@bottommargin@dedication=\skip119
\puc@leftmargin@dedication=\skip120
\puc@rightmargin@dedication=\skip121
\puc@textwidth@dedication=\skip122
\puc@oddsidemargin@dedication=\skip123
\puc@evensidemargin@dedication=\skip124
\puc@textheight@dedication=\skip125
\puc@headsep@dedication=\skip126
 (./ttlkeys.def
File: ttlkeys.def 2002/03/27
)
\c@definition=\count103
)
(/usr/share/texmf-texlive/tex/latex/float/float.sty
Package: float 2001/11/08 v1.3d Float enhancements (AL)
\c@float@type=\count104
\float@exts=\toks17
\float@box=\box27
\@float@everytoks=\toks18
\@floatcapt=\box28
)
(/usr/share/texmf-texlive/tex/latex/tools/enumerate.sty
Package: enumerate 1999/03/05 v3.00 enumerate extensions (DPC)
\@enLab=\toks19
) (./ProjetoFinal2.aux)
\openout1 = `ProjetoFinal2.aux'.

LaTeX Font Info:    Checking defaults for OML/cmm/m/it on input line 86.
LaTeX Font Info:    ... okay on input line 86.
LaTeX Font Info:    Checking defaults for T1/cmr/m/n on input line 86.
LaTeX Font Info:    ... okay on input line 86.
LaTeX Font Info:    Checking defaults for OT1/cmr/m/n on input line 86.
LaTeX Font Info:    ... okay on input line 86.
LaTeX Font Info:    Checking defaults for OMS/cmsy/m/n on input line 86.
LaTeX Font Info:    ... okay on input line 86.
LaTeX Font Info:    Checking defaults for OMX/cmex/m/n on input line 86.
LaTeX Font Info:    ... okay on input line 86.
LaTeX Font Info:    Checking defaults for U/cmr/m/n on input line 86.
LaTeX Font Info:    ... okay on input line 86.
LaTeX Font Info:    Checking defaults for PD1/pdf/m/n on input line 86.
LaTeX Font Info:    ... okay on input line 86.

(/usr/share/texmf-texlive/tex/context/base/supp-pdf.mkii
[Loading MPS to PDF converter (version 2006.09.02).]
\scratchcounter=\count105
\scratchdimen=\dimen117
\scratchbox=\box29
\nofMPsegments=\count106
\nofMParguments=\count107
\everyMPshowfont=\toks20
\MPscratchCnt=\count108
\MPscratchDim=\dimen118
\MPnumerator=\count109
\everyMPtoPDFconversion=\toks21
)
Package hyperref Info: Link coloring OFF on input line 86.
 (./nameref.sty
Package: nameref 2001/01/27 v2.19 Cross-referencing by name of section
\c@section@level=\count110
)
LaTeX Info: Redefining \ref on input line 86.
LaTeX Info: Redefining \pageref on input line 86.
 (./ProjetoFinal2.out) (./ProjetoFinal2.out)
\@outlinefile=\write3
\openout3 = `ProjetoFinal2.out'.

\AtBeginShipoutBox=\box30
Package epstopdf Info: Source file: <puc.eps>
(epstopdf)                    date: 2014-01-17 00:32:42
(epstopdf)                    size: 200513 bytes
(epstopdf)             Output file: <puc-eps-converted-to.pdf>
(epstopdf)                    date: 2014-01-17 00:32:42
(epstopdf)                    size: 35883 bytes
(epstopdf)             Command: <epstopdf --outfile=puc-eps-converted-to.pdf pu
c.eps>
(epstopdf)             \includegraphics on input line 86.
Package epstopdf Info: Output file is already uptodate.

<puc-eps-converted-to.pdf, id=67, 51.19125pt x 86.3225pt>
File: puc-eps-converted-to.pdf Graphic file (type pdf)

<use puc-eps-converted-to.pdf>
LaTeX Font Info:    Try loading font information for U+msa on input line 86.

(/usr/share/texmf-texlive/tex/latex/amsfonts/umsa.fd
File: umsa.fd 2009/06/22 v3.00 AMS symbols A
)
LaTeX Font Info:    Try loading font information for U+msb on input line 86.

(/usr/share/texmf-texlive/tex/latex/amsfonts/umsb.fd
File: umsb.fd 2009/06/22 v3.00 AMS symbols B
) [1


Non-PDF special ignored!{/var/lib/texmf/fonts/map/pdftex/updmap/pdftex.map} <./
puc-eps-converted-to.pdf>]
Package epstopdf Info: Source file: <puc.eps>
(epstopdf)                    date: 2014-01-17 00:32:42
(epstopdf)                    size: 200513 bytes
(epstopdf)             Output file: <puc-eps-converted-to.pdf>
(epstopdf)                    date: 2014-01-17 00:32:42
(epstopdf)                    size: 35883 bytes
(epstopdf)             Command: <epstopdf --outfile=puc-eps-converted-to.pdf pu
c.eps>
(epstopdf)             \includegraphics on input line 86.
Package epstopdf Info: Output file is already uptodate.
File: puc-eps-converted-to.pdf Graphic file (type pdf)
 <use puc-eps-converted-to.pdf> [2

] [3

]

LaTeX Warning: Reference `LastPage' on page 4 undefined on input line 86.

[4

]

LaTeX Warning: Reference `LastPage' on page 5 undefined on input line 86.

[5

] (./ProjetoFinal2.toc)
\tf@toc=\write4
\openout4 = `ProjetoFinal2.toc'.

 [6

] (./ProjetoFinal2.lof)
\tf@lof=\write5
\openout5 = `ProjetoFinal2.lof'.

 [7

] (./ProjetoFinal2.lot)
\tf@lot=\write6
\openout6 = `ProjetoFinal2.lot'.


[8

]
Cap\'{\i }tulo 1.
(./noaccent.def
File: noaccent.def 2003/11/25 v0.1 Input encoding file 
)
<Imagens/flipped_classroom.png, id=174, 707.64375pt x 482.55281pt>
File: Imagens/flipped_classroom.png Graphic file (type png)

<use Imagens/flipped_classroom.png> [9

] [10pdfTeX warning (ext4): destination with the same identifier (name{figure.1
.1}) has been already used, duplicate ignored

\AtBegShi@Output ...ipout \box \AtBeginShipoutBox 
                                                  \fi \fi 
l.119 \chapter
              {Proposta} <./Imagens/flipped_classroom.png>]
Cap\'{\i }tulo 2.
(./noaccent.def
File: noaccent.def 2003/11/25 v0.1 Input encoding file 
) (./noaccent.def
File: noaccent.def 2003/11/25 v0.1 Input encoding file 
) [11

]
<Imagens/swot.jpg, id=190, 642.4pt x 451.6875pt>
File: Imagens/swot.jpg Graphic file (type jpg)
 <use Imagens/swot.jpg>
[12pdfTeX warning (ext4): destination with the same identifier (name{figure.2.1
}) has been already used, duplicate ignored

\AtBegShi@Output ...ipout \box \AtBeginShipoutBox 
                                                  \fi \fi 
l.202 
       <./Imagens/swot.jpg>] (./noaccent.def
File: noaccent.def 2003/11/25 v0.1 Input encoding file 
) (./noaccent.def
File: noaccent.def 2003/11/25 v0.1 Input encoding file 
) (./noaccent.def
File: noaccent.def 2003/11/25 v0.1 Input encoding file 
) [13] [14]
Cap\'{\i }tulo 3.
(./noaccent.def
File: noaccent.def 2003/11/25 v0.1 Input encoding file 
)
<Imagens/fases_projeto_banco_dados.jpg, id=206, 1403.2425pt x 1276.77pt>
File: Imagens/fases_projeto_banco_dados.jpg Graphic file (type jpg)

<use Imagens/fases_projeto_banco_dados.jpg> [15

] (./noaccent.def
File: noaccent.def 2003/11/25 v0.1 Input encoding file 
)
<Imagens/ModelagemConceitual_v1_0.png, id=211, 797.98125pt x 473.51906pt>
File: Imagens/ModelagemConceitual_v1_0.png Graphic file (type png)

<use Imagens/ModelagemConceitual_v1_0.png> [16pdfTeX warning (ext4): destinatio
n with the same identifier (name{figure.3.1}) has been already used, duplicate 
ignored

\AtBegShi@Output ...ipout \box \AtBeginShipoutBox 
                                                  \fi \fi 
l.298 
       <./Imagens/fases_projeto_banco_dados.jpg>] [17pdfTeX warning (ext4): des
tination with the same identifier (name{figure.3.2}) has been already used, dup
licate ignored

\AtBegShi@Output ...ipout \box \AtBeginShipoutBox 
                                                  \fi \fi 
l.326 
       <./Imagens/ModelagemConceitual_v1_0.png>]
<Imagens/ModelagemConceitual_forum_v1_1.png, id=221, 300.3722pt x 298.86656pt>
File: Imagens/ModelagemConceitual_forum_v1_1.png Graphic file (type png)

<use Imagens/ModelagemConceitual_forum_v1_1.png>
<Imagens/ModelagemConceitual_exercicio_v1_1.png, id=222, 478.78876pt x 420.0693
8pt>
File: Imagens/ModelagemConceitual_exercicio_v1_1.png Graphic file (type png)
 <use Imagens/ModelagemConceitual_exercicio_v1_1.png> [18pdfTeX warning (ext4):
 destination with the same identifier (name{figure.3.3}) has been already used,
 duplicate ignored

\AtBegShi@Output ...ipout \box \AtBeginShipoutBox 
                                                  \fi \fi 
l.344 
       <./Imagens/ModelagemConceitual_forum_v1_1.png>]
<Imagens/ModelagemConceitual_forum_v2_0.png, id=228, 572.1375pt x 331.2375pt>
File: Imagens/ModelagemConceitual_forum_v2_0.png Graphic file (type png)

<use Imagens/ModelagemConceitual_forum_v2_0.png> [19pdfTeX warning (ext4): dest
ination with the same identifier (name{figure.3.4}) has been already used, dupl
icate ignored

\AtBegShi@Output ...ipout \box \AtBeginShipoutBox 
                                                  \fi \fi 
l.367 
       <./Imagens/ModelagemConceitual_exercicio_v1_1.png>]
<Imagens/ModelagemConceitual_exercicio_v2_0.png, id=235, 550.30594pt x 449.4290
6pt>
File: Imagens/ModelagemConceitual_exercicio_v2_0.png Graphic file (type png)
 <use Imagens/ModelagemConceitual_exercicio_v2_0.png> [20pdfTeX warning (ext4):
 destination with the same identifier (name{figure.3.5}) has been already used,
 duplicate ignored

\AtBegShi@Output ...ipout \box \AtBeginShipoutBox 
                                                  \fi \fi 
l.380 
      pdfTeX warning (ext4): destination with the same identifier (name{figure.
3.6}) has been already used, duplicate ignored

\AtBegShi@Output ...ipout \box \AtBeginShipoutBox 
                                                  \fi \fi 
l.380 
       <./Imagens/ModelagemConceitual_forum_v2_0.png> <./Imagens/ModelagemConce
itual_exercicio_v2_0.png>] (./noaccent.def
File: noaccent.def 2003/11/25 v0.1 Input encoding file 
)
Underfull \hbox (badness 10000) in paragraph at lines 420--483
[][]
 []

[21] [22pdfTeX warning (ext4): destination with the same identifier (name{table
.3.1}) has been already used, duplicate ignored

\AtBegShi@Output ...ipout \box \AtBeginShipoutBox 
                                                  \fi \fi 
l.557 
      ] [23pdfTeX warning (ext4): destination with the same identifier (name{ta
ble.3.2}) has been already used, duplicate ignored

\AtBegShi@Output ...ipout \box \AtBeginShipoutBox 
                                                  \fi \fi 
l.620 
      ] [24pdfTeX warning (ext4): destination with the same identifier (name{ta
ble.3.3}) has been already used, duplicate ignored

\AtBegShi@Output ...ipout \box \AtBeginShipoutBox 
                                                  \fi \fi 
l.683 
      ]
Overfull \vbox (53.11104pt too high) has occurred while \output is active []


[25pdfTeX warning (ext4): destination with the same identifier (name{table.3.4}
) has been already used, duplicate ignored

\AtBegShi@Output ...ipout \box \AtBeginShipoutBox 
                                                  \fi \fi 
l.683 
      ] (./noaccent.def
File: noaccent.def 2003/11/25 v0.1 Input encoding file 
) [26]
Overfull \vbox (22.23868pt too high) has occurred while \output is active []


[27pdfTeX warning (ext4): destination with the same identifier (name{table.3.5}
) has been already used, duplicate ignored

\AtBegShi@Output ...ipout \box \AtBeginShipoutBox 
                                                  \fi \fi 
l.726 
      ]
Overfull \vbox (53.31566pt too high) has occurred while \output is active []


[28pdfTeX warning (ext4): destination with the same identifier (name{table.3.6}
) has been already used, duplicate ignored

\AtBegShi@Output ...ipout \box \AtBeginShipoutBox 
                                                  \fi \fi 
l.756 
      ] [29pdfTeX warning (ext4): destination with the same identifier (name{ta
ble.3.7}) has been already used, duplicate ignored

\AtBegShi@Output ...ipout \box \AtBeginShipoutBox 
                                                  \fi \fi 
l.797 
      ] [30pdfTeX warning (ext4): destination with the same identifier (name{ta
ble.3.8}) has been already used, duplicate ignored

\AtBegShi@Output ...ipout \box \AtBeginShipoutBox 
                                                  \fi \fi 
l.819 
      ] [31pdfTeX warning (ext4): destination with the same identifier (name{ta
ble.3.9}) has been already used, duplicate ignored

\AtBegShi@Output ...ipout \box \AtBeginShipoutBox 
                                                  \fi \fi 
l.840 
      ] [32pdfTeX warning (ext4): destination with the same identifier (name{ta
ble.3.10}) has been already used, duplicate ignored

\AtBegShi@Output ...ipout \box \AtBeginShipoutBox 
                                                  \fi \fi 
l.867 
      ] [33pdfTeX warning (ext4): destination with the same identifier (name{ta
ble.3.11}) has been already used, duplicate ignored

\AtBegShi@Output ...ipout \box \AtBeginShipoutBox 
                                                  \fi \fi 
l.890 
      ] (./noaccent.def
File: noaccent.def 2003/11/25 v0.1 Input encoding file 
) (./noaccent.def
File: noaccent.def 2003/11/25 v0.1 Input encoding file 
) [34pdfTeX warning (ext4): destination with the same identifier (name{table.3.
12}) has been already used, duplicate ignored

\AtBegShi@Output ...ipout \box \AtBeginShipoutBox 
                                                  \fi \fi 
l.921   \item U
               su\'{a}rio preenche o campo senha.] (./noaccent.def
File: noaccent.def 2003/11/25 v0.1 Input encoding file 
) [35]
[36] (./noaccent.def
File: noaccent.def 2003/11/25 v0.1 Input encoding file 
) [37] [38] (./noaccent.def
File: noaccent.def 2003/11/25 v0.1 Input encoding file 
) [39]
Cap\'{\i }tulo 4.
(./noaccent.def
File: noaccent.def 2003/11/25 v0.1 Input encoding file 
) [40

]
Cap\'{\i }tulo 5.
(./noaccent.def
File: noaccent.def 2003/11/25 v0.1 Input encoding file 
) (./ProjetoFinal2.bbl (./ProjetoFinal2.brf)
\tf@brf=\write7
\openout7 = `ProjetoFinal2.brf'.

 [41

]
(./noaccent.def
File: noaccent.def 2003/11/25 v0.1 Input encoding file 
)

LaTeX Warning: Empty `thebibliography' environment on input line 4.

) [42

] (./ProjetoFinal2.aux)

LaTeX Warning: There were undefined references.

 ) 
Here is how much of TeX's memory you used:
 6396 strings out of 495061
 89336 string characters out of 1182620
 236742 words of memory out of 3000000
 9225 multiletter control sequences out of 15000+50000
 11096 words of font info for 42 fonts, out of 3000000 for 9000
 28 hyphenation exceptions out of 8191
 48i,12n,45p,697b,611s stack positions out of 5000i,500n,10000p,200000b,50000s
</usr/share/texmf-texlive/fonts/type1/public/amsfonts/cm/cmbx12.pfb></usr/sha
re/texmf-texlive/fonts/type1/public/amsfonts/cm/cmr12.pfb></usr/share/texmf-tex
live/fonts/type1/public/amsfonts/cm/cmr6.pfb></usr/share/texmf-texlive/fonts/ty
pe1/public/amsfonts/cm/cmss12.pfb></usr/share/texmf-texlive/fonts/type1/public/
amsfonts/cm/cmssbx10.pfb></usr/share/texmf-texlive/fonts/type1/public/amsfonts/
cm/cmssi12.pfb>
Output written on ProjetoFinal2.pdf (42 pages, 1387148 bytes).
PDF statistics:
 463 PDF objects out of 1000 (max. 8388607)
 154 named destinations out of 1000 (max. 500000)
 174 words of extra memory for PDF output out of 10000 (max. 10000000)

